[2024-12-02 19:46:59Z INFO HostContext] No proxy settings were found based on environmental variables (http_proxy/https_proxy/HTTP_PROXY/HTTPS_PROXY)
[2024-12-02 19:46:59Z INFO HostContext] Well known directory 'Bin': '/Users/ranadubauskas/vandy-class-connect/actions-runner/bin'
[2024-12-02 19:46:59Z INFO HostContext] Well known directory 'Root': '/Users/ranadubauskas/vandy-class-connect/actions-runner'
[2024-12-02 19:46:59Z INFO HostContext] Well known config file 'Credentials': '/Users/ranadubauskas/vandy-class-connect/actions-runner/.credentials'
[2024-12-02 19:46:59Z INFO HostContext] Well known directory 'Bin': '/Users/ranadubauskas/vandy-class-connect/actions-runner/bin'
[2024-12-02 19:46:59Z INFO HostContext] Well known directory 'Root': '/Users/ranadubauskas/vandy-class-connect/actions-runner'
[2024-12-02 19:46:59Z INFO HostContext] Well known config file 'Runner': '/Users/ranadubauskas/vandy-class-connect/actions-runner/.runner'
[2024-12-02 19:46:59Z INFO Listener] Runner is built for OSX (X64) - osx-x64.
[2024-12-02 19:46:59Z INFO Listener] RuntimeInformation: Darwin 23.2.0 Darwin Kernel Version 23.2.0: Wed Nov 15 21:53:18 PST 2023; root:xnu-10002.61.3~2/RELEASE_ARM64_T6000.
[2024-12-02 19:46:59Z INFO Listener] Version: 2.321.0
[2024-12-02 19:46:59Z INFO Listener] Commit: e249007931b7c8e857797fa259c167f0bd4f997a
[2024-12-02 19:46:59Z INFO Listener] Culture: en-US
[2024-12-02 19:46:59Z INFO Listener] UI Culture: en-US
[2024-12-02 19:46:59Z INFO HostContext] Well known directory 'Bin': '/Users/ranadubauskas/vandy-class-connect/actions-runner/bin'
[2024-12-02 19:46:59Z INFO HostContext] Well known directory 'Root': '/Users/ranadubauskas/vandy-class-connect/actions-runner'
[2024-12-02 19:46:59Z INFO Listener] Validating directory permissions for: '/Users/ranadubauskas/vandy-class-connect/actions-runner'
[2024-12-02 19:46:59Z INFO CommandLineParser] Parse
[2024-12-02 19:46:59Z INFO CommandLineParser] Parsing 5 args
[2024-12-02 19:46:59Z INFO CommandLineParser] parsing argument
[2024-12-02 19:46:59Z INFO CommandLineParser] HasArgs: False
[2024-12-02 19:46:59Z INFO CommandLineParser] Adding Command: configure
[2024-12-02 19:46:59Z INFO CommandLineParser] parsing argument
[2024-12-02 19:46:59Z INFO CommandLineParser] HasArgs: True
[2024-12-02 19:46:59Z INFO CommandLineParser] arg: url
[2024-12-02 19:46:59Z INFO CommandLineParser] parsing argument
[2024-12-02 19:46:59Z INFO CommandLineParser] HasArgs: True
[2024-12-02 19:46:59Z INFO CommandLineParser] Adding option 'url': 'https://github.com/ranadubauskas/vandy-class-connect'
[2024-12-02 19:46:59Z INFO CommandLineParser] parsing argument
[2024-12-02 19:46:59Z INFO CommandLineParser] HasArgs: True
[2024-12-02 19:46:59Z INFO CommandLineParser] arg: token
[2024-12-02 19:46:59Z INFO CommandLineParser] parsing argument
[2024-12-02 19:46:59Z INFO CommandLineParser] HasArgs: True
[2024-12-02 19:46:59Z INFO CommandLineParser] Adding option 'token': '***'
[2024-12-02 19:46:59Z INFO Listener] Arguments parsed
[2024-12-02 19:46:59Z INFO Runner] ExecuteCommand
[2024-12-02 19:46:59Z INFO ConfigurationStore] currentAssemblyLocation: /Users/ranadubauskas/vandy-class-connect/actions-runner/bin/Runner.Listener.dll
[2024-12-02 19:46:59Z INFO HostContext] Well known directory 'Bin': '/Users/ranadubauskas/vandy-class-connect/actions-runner/bin'
[2024-12-02 19:46:59Z INFO ConfigurationStore] binPath: /Users/ranadubauskas/vandy-class-connect/actions-runner/bin
[2024-12-02 19:46:59Z INFO HostContext] Well known directory 'Bin': '/Users/ranadubauskas/vandy-class-connect/actions-runner/bin'
[2024-12-02 19:46:59Z INFO HostContext] Well known directory 'Root': '/Users/ranadubauskas/vandy-class-connect/actions-runner'
[2024-12-02 19:46:59Z INFO ConfigurationStore] RootFolder: /Users/ranadubauskas/vandy-class-connect/actions-runner
[2024-12-02 19:46:59Z INFO HostContext] Well known directory 'Bin': '/Users/ranadubauskas/vandy-class-connect/actions-runner/bin'
[2024-12-02 19:46:59Z INFO HostContext] Well known directory 'Root': '/Users/ranadubauskas/vandy-class-connect/actions-runner'
[2024-12-02 19:46:59Z INFO HostContext] Well known config file 'Runner': '/Users/ranadubauskas/vandy-class-connect/actions-runner/.runner'
[2024-12-02 19:46:59Z INFO ConfigurationStore] ConfigFilePath: /Users/ranadubauskas/vandy-class-connect/actions-runner/.runner
[2024-12-02 19:46:59Z INFO HostContext] Well known directory 'Bin': '/Users/ranadubauskas/vandy-class-connect/actions-runner/bin'
[2024-12-02 19:46:59Z INFO HostContext] Well known directory 'Root': '/Users/ranadubauskas/vandy-class-connect/actions-runner'
[2024-12-02 19:46:59Z INFO HostContext] Well known config file 'Credentials': '/Users/ranadubauskas/vandy-class-connect/actions-runner/.credentials'
[2024-12-02 19:46:59Z INFO ConfigurationStore] CredFilePath: /Users/ranadubauskas/vandy-class-connect/actions-runner/.credentials
[2024-12-02 19:46:59Z INFO HostContext] Well known directory 'Bin': '/Users/ranadubauskas/vandy-class-connect/actions-runner/bin'
[2024-12-02 19:46:59Z INFO HostContext] Well known directory 'Root': '/Users/ranadubauskas/vandy-class-connect/actions-runner'
[2024-12-02 19:46:59Z INFO HostContext] Well known config file 'MigratedCredentials': '/Users/ranadubauskas/vandy-class-connect/actions-runner/.credentials_migrated'
[2024-12-02 19:46:59Z INFO ConfigurationStore] MigratedCredFilePath: /Users/ranadubauskas/vandy-class-connect/actions-runner/.credentials_migrated
[2024-12-02 19:46:59Z INFO HostContext] Well known directory 'Bin': '/Users/ranadubauskas/vandy-class-connect/actions-runner/bin'
[2024-12-02 19:46:59Z INFO HostContext] Well known directory 'Root': '/Users/ranadubauskas/vandy-class-connect/actions-runner'
[2024-12-02 19:46:59Z INFO HostContext] Well known config file 'Service': '/Users/ranadubauskas/vandy-class-connect/actions-runner/.service'
[2024-12-02 19:46:59Z INFO ConfigurationStore] ServiceConfigFilePath: /Users/ranadubauskas/vandy-class-connect/actions-runner/.service
[2024-12-02 19:46:59Z INFO CommandSettings] Flag 'help': 'False'
[2024-12-02 19:46:59Z INFO CommandSettings] Flag 'version': 'False'
[2024-12-02 19:46:59Z INFO CommandSettings] Flag 'commit': 'False'
[2024-12-02 19:46:59Z INFO CommandSettings] Flag 'check': 'False'
[2024-12-02 19:47:00Z INFO CommandSettings] Command 'configure': 'True'
[2024-12-02 19:47:00Z INFO Terminal] WRITE LINE: 
[2024-12-02 19:47:00Z INFO Terminal] WRITE LINE: --------------------------------------------------------------------------------
[2024-12-02 19:47:00Z INFO Terminal] WRITE LINE: |        ____ _ _   _   _       _          _        _   _                      |
[2024-12-02 19:47:00Z INFO Terminal] WRITE LINE: |       / ___(_) |_| | | |_   _| |__      / \   ___| |_(_) ___  _ __  ___      |
[2024-12-02 19:47:00Z INFO Terminal] WRITE LINE: |      | |  _| | __| |_| | | | | '_ \    / _ \ / __| __| |/ _ \| '_ \/ __|     |
[2024-12-02 19:47:00Z INFO Terminal] WRITE LINE: |      | |_| | | |_|  _  | |_| | |_) |  / ___ \ (__| |_| | (_) | | | \__ \     |
[2024-12-02 19:47:00Z INFO Terminal] WRITE LINE: |       \____|_|\__|_| |_|\__,_|_.__/  /_/   \_\___|\__|_|\___/|_| |_|___/     |
[2024-12-02 19:47:00Z INFO Terminal] WRITE LINE: |                                                                              |
[2024-12-02 19:47:00Z INFO Terminal] WRITE: |                       
[2024-12-02 19:47:00Z INFO Terminal] WRITE: Self-hosted runner registration
[2024-12-02 19:47:00Z INFO Terminal] WRITE LINE:                         |
[2024-12-02 19:47:00Z INFO Terminal] WRITE LINE: |                                                                              |
[2024-12-02 19:47:00Z INFO Terminal] WRITE LINE: --------------------------------------------------------------------------------
[2024-12-02 19:47:00Z INFO ConfigurationManager] ConfigureAsync
[2024-12-02 19:47:00Z INFO CommandSettings] Flag 'generateServiceConfig': 'False'
[2024-12-02 19:47:00Z INFO ConfigurationStore] IsConfigured()
[2024-12-02 19:47:00Z INFO ConfigurationStore] IsConfigured: False
[2024-12-02 19:47:00Z INFO ConfigurationManager] Is configured: False
[2024-12-02 19:47:00Z INFO CommandSettings] Arg 'url': 'https://github.com/ranadubauskas/vandy-class-connect'
[2024-12-02 19:47:00Z INFO CommandSettings] Remove url from Arg dictionary.
[2024-12-02 19:47:00Z INFO CommandSettings] Arg 'token': '***'
[2024-12-02 19:47:00Z INFO CommandSettings] Remove token from Arg dictionary.
[2024-12-02 19:47:03Z INFO ConfigurationManager] Http response code: OK from 'POST https://api.github.com/actions/runner-registration' (25B6:2EE708:1EF40A9:3D5098F:674E0EB6)
[2024-12-02 19:47:03Z INFO ConfigurationManager] Using V2 flow: False
[2024-12-02 19:47:03Z INFO ConfigurationManager] cred retrieved via GitHub auth
[2024-12-02 19:47:03Z INFO RunnerServer] EstablishVssConnection
[2024-12-02 19:47:03Z INFO RunnerServer] Establish connection with 100 seconds timeout.
[2024-12-02 19:47:04Z INFO GitHubActionsService] Starting operation Location.GetConnectionData
[2024-12-02 19:47:04Z INFO RunnerServer] EstablishVssConnection
[2024-12-02 19:47:04Z INFO RunnerServer] Establish connection with 60 seconds timeout.
[2024-12-02 19:47:04Z INFO GitHubActionsService] Starting operation Location.GetConnectionData
[2024-12-02 19:47:04Z INFO RunnerServer] EstablishVssConnection
[2024-12-02 19:47:04Z INFO RunnerServer] Establish connection with 60 seconds timeout.
[2024-12-02 19:47:04Z INFO GitHubActionsService] Starting operation Location.GetConnectionData
[2024-12-02 19:47:04Z INFO GitHubActionsService] Finished operation Location.GetConnectionData
[2024-12-02 19:47:04Z INFO GitHubActionsService] Finished operation Location.GetConnectionData
[2024-12-02 19:47:04Z INFO GitHubActionsService] Finished operation Location.GetConnectionData
[2024-12-02 19:47:04Z INFO Terminal] WRITE LINE: 
[2024-12-02 19:47:04Z INFO ConfigurationManager] Test Connection complete.
[2024-12-02 19:47:04Z INFO HostContext] Well known directory 'Bin': '/Users/ranadubauskas/vandy-class-connect/actions-runner/bin'
[2024-12-02 19:47:04Z INFO HostContext] Well known directory 'Root': '/Users/ranadubauskas/vandy-class-connect/actions-runner'
[2024-12-02 19:47:04Z INFO HostContext] Well known config file 'RSACredentials': '/Users/ranadubauskas/vandy-class-connect/actions-runner/.credentials_rsaparams'
[2024-12-02 19:47:04Z INFO RSAFileKeyManager] Creating new RSA key using 2048-bit key length
[2024-12-02 19:47:04Z INFO RSAFileKeyManager] Successfully saved RSA key parameters to file /Users/ranadubauskas/vandy-class-connect/actions-runner/.credentials_rsaparams
[2024-12-02 19:47:04Z INFO RSAFileKeyManager] Which2: 'chmod'
[2024-12-02 19:47:04Z INFO RSAFileKeyManager] Location: '/bin/chmod'
[2024-12-02 19:47:05Z INFO HostContext] Well known directory 'Bin': '/Users/ranadubauskas/vandy-class-connect/actions-runner/bin'
[2024-12-02 19:47:05Z INFO HostContext] Well known directory 'Root': '/Users/ranadubauskas/vandy-class-connect/actions-runner'
[2024-12-02 19:47:05Z INFO ProcessInvokerWrapper] Starting process:
[2024-12-02 19:47:05Z INFO ProcessInvokerWrapper]   File name: '/bin/chmod'
[2024-12-02 19:47:05Z INFO ProcessInvokerWrapper]   Arguments: '600 /Users/ranadubauskas/vandy-class-connect/actions-runner/.credentials_rsaparams'
[2024-12-02 19:47:05Z INFO ProcessInvokerWrapper]   Working directory: '/Users/ranadubauskas/vandy-class-connect/actions-runner'
[2024-12-02 19:47:05Z INFO ProcessInvokerWrapper]   Require exit code zero: 'False'
[2024-12-02 19:47:05Z INFO ProcessInvokerWrapper]   Encoding web name:  ; code page: ''
[2024-12-02 19:47:05Z INFO ProcessInvokerWrapper]   Force kill process on cancellation: 'False'
[2024-12-02 19:47:05Z INFO ProcessInvokerWrapper]   Redirected STDIN: 'False'
[2024-12-02 19:47:05Z INFO ProcessInvokerWrapper]   Persist current code page: 'False'
[2024-12-02 19:47:05Z INFO ProcessInvokerWrapper]   Keep redirected STDIN open: 'False'
[2024-12-02 19:47:05Z INFO ProcessInvokerWrapper]   High priority process: 'False'
[2024-12-02 19:47:05Z INFO ProcessInvokerWrapper] Process started with process id 51687, waiting for process exit.
[2024-12-02 19:47:05Z INFO ProcessInvokerWrapper] STDOUT/STDERR stream read finished.
[2024-12-02 19:47:05Z INFO ProcessInvokerWrapper] STDOUT/STDERR stream read finished.
[2024-12-02 19:47:05Z INFO ProcessInvokerWrapper] Finished process 51687 with exit code 0, and elapsed time 00:00:00.3402501.
[2024-12-02 19:47:05Z INFO RSAFileKeyManager] Successfully set permissions for RSA key parameters file /Users/ranadubauskas/vandy-class-connect/actions-runner/.credentials_rsaparams
[2024-12-02 19:47:05Z INFO CommandSettings] Arg 'runnergroup': ''
[2024-12-02 19:47:05Z INFO CommandSettings] Flag 'unattended': 'False'
[2024-12-02 19:47:05Z INFO PromptManager] ReadValue
[2024-12-02 19:47:05Z INFO Terminal] WRITE: Enter the name of the runner group to add this runner to: 
[2024-12-02 19:47:05Z INFO Terminal] WRITE: [press Enter for Default] 
[2024-12-02 19:47:05Z INFO Terminal] READ LINE
[2024-12-02 19:47:12Z INFO Terminal] Read value: ''
[2024-12-02 19:47:12Z INFO PromptManager] Falling back to the default: 'Default'
[2024-12-02 19:47:12Z INFO Terminal] WRITE LINE: 
[2024-12-02 19:47:12Z INFO ConfigurationManager] Found a self-hosted runner group with id 1 and name Default
[2024-12-02 19:47:12Z INFO CommandSettings] Flag 'disableupdate': 'False'
[2024-12-02 19:47:12Z INFO CommandSettings] Flag 'ephemeral': 'False'
[2024-12-02 19:47:12Z INFO CommandSettings] Arg 'name': ''
[2024-12-02 19:47:12Z INFO CommandSettings] Flag 'unattended': 'False'
[2024-12-02 19:47:12Z INFO PromptManager] ReadValue
[2024-12-02 19:47:12Z INFO Terminal] WRITE: Enter the name of runner: 
[2024-12-02 19:47:12Z INFO Terminal] WRITE: [press Enter for Ranas-MacBook-Pro-2] 
[2024-12-02 19:47:12Z INFO Terminal] READ LINE
[2024-12-02 19:47:15Z INFO Terminal] Read value: ''
[2024-12-02 19:47:15Z INFO PromptManager] Falling back to the default: 'Ranas-MacBook-Pro-2'
[2024-12-02 19:47:15Z INFO Terminal] WRITE LINE: 
[2024-12-02 19:47:15Z INFO CommandSettings] Arg 'labels': ''
[2024-12-02 19:47:15Z INFO CommandSettings] Flag 'unattended': 'False'
[2024-12-02 19:47:15Z INFO PromptManager] ReadValue
[2024-12-02 19:47:15Z INFO Terminal] WRITE: This runner will have the following labels: 'self-hosted', 'macOS', 'X64' 
Enter any additional labels (ex. label-1,label-2): 
[2024-12-02 19:47:15Z INFO Terminal] WRITE: [press Enter to skip] 
[2024-12-02 19:47:15Z INFO Terminal] READ LINE
[2024-12-02 19:47:19Z INFO Terminal] Read value: ''
[2024-12-02 19:47:19Z INFO Terminal] WRITE LINE: 
[2024-12-02 19:47:19Z INFO CommandSettings] Flag 'disableupdate': 'False'
[2024-12-02 19:47:19Z INFO CommandSettings] Flag 'no-default-labels': 'False'
[2024-12-02 19:47:19Z INFO CommandSettings] Flag 'disableupdate': 'False'
[2024-12-02 19:47:19Z INFO CommandSettings] Flag 'ephemeral': 'False'
[2024-12-02 19:47:19Z INFO ConfigurationStore] Saving OAuth credential @ /Users/ranadubauskas/vandy-class-connect/actions-runner/.credentials
[2024-12-02 19:47:19Z INFO ConfigurationStore] Credentials Saved.
[2024-12-02 19:47:19Z INFO ConfigurationStore] HasCredentials()
[2024-12-02 19:47:19Z INFO ConfigurationStore] stored True
[2024-12-02 19:47:19Z INFO CredentialManager] GetCredentialProvider
[2024-12-02 19:47:19Z INFO CredentialManager] Creating type OAuth
[2024-12-02 19:47:19Z INFO CredentialManager] Creating credential type: OAuth
[2024-12-02 19:47:19Z INFO RSAFileKeyManager] Loading RSA key parameters from file /Users/ranadubauskas/vandy-class-connect/actions-runner/.credentials_rsaparams
[2024-12-02 19:47:19Z INFO RunnerServer] EstablishVssConnection
[2024-12-02 19:47:19Z INFO RunnerServer] Establish connection with 100 seconds timeout.
[2024-12-02 19:47:19Z INFO GitHubActionsService] Starting operation Location.GetConnectionData
[2024-12-02 19:47:19Z INFO RunnerServer] EstablishVssConnection
[2024-12-02 19:47:19Z INFO RunnerServer] Establish connection with 60 seconds timeout.
[2024-12-02 19:47:19Z INFO GitHubActionsService] Starting operation Location.GetConnectionData
[2024-12-02 19:47:19Z INFO RunnerServer] EstablishVssConnection
[2024-12-02 19:47:19Z INFO RunnerServer] Establish connection with 60 seconds timeout.
[2024-12-02 19:47:19Z INFO GitHubActionsService] Starting operation Location.GetConnectionData
[2024-12-02 19:47:20Z INFO GitHubActionsService] Finished operation Location.GetConnectionData
[2024-12-02 19:47:20Z INFO GitHubActionsService] Finished operation Location.GetConnectionData
[2024-12-02 19:47:20Z INFO GitHubActionsService] Finished operation Location.GetConnectionData
[2024-12-02 19:47:20Z INFO RSAFileKeyManager] Loading RSA key parameters from file /Users/ranadubauskas/vandy-class-connect/actions-runner/.credentials_rsaparams
[2024-12-02 19:47:20Z INFO RSAFileKeyManager] Loading RSA key parameters from file /Users/ranadubauskas/vandy-class-connect/actions-runner/.credentials_rsaparams
[2024-12-02 19:47:20Z INFO GitHubActionsService] AAD Correlation ID for this token request: Unknown
[2024-12-02 19:47:20Z INFO CommandSettings] Arg 'work': ''
[2024-12-02 19:47:20Z INFO CommandSettings] Flag 'unattended': 'False'
[2024-12-02 19:47:20Z INFO PromptManager] ReadValue
[2024-12-02 19:47:20Z INFO Terminal] WRITE: Enter name of work folder: 
[2024-12-02 19:47:20Z INFO Terminal] WRITE: [press Enter for _work] 
[2024-12-02 19:47:20Z INFO Terminal] READ LINE
[2024-12-02 19:47:24Z INFO Terminal] Read value: ''
[2024-12-02 19:47:24Z INFO PromptManager] Falling back to the default: '_work'
[2024-12-02 19:47:24Z INFO ConfigurationStore] Saving runner settings.
[2024-12-02 19:47:24Z INFO ConfigurationStore] Settings Saved.
[2024-12-02 19:47:24Z INFO Terminal] WRITE LINE: 
[2024-12-02 19:47:24Z INFO Terminal] WRITE LINE: 
[2024-12-02 19:47:24Z INFO OsxServiceControlManager] Service name 'actions.runner.ranadubauskas-vandy-class-connect.Ranas-MacBook-Pro-2' display name 'GitHub Actions Runner (ranadubauskas-vandy-class-connect.Ranas-MacBook-Pro-2)' will be used for service configuration.
[2024-12-02 19:47:24Z INFO HostContext] Well known directory 'Bin': '/Users/ranadubauskas/vandy-class-connect/actions-runner/bin'
[2024-12-02 19:47:24Z INFO HostContext] Well known directory 'Root': '/Users/ranadubauskas/vandy-class-connect/actions-runner'
[2024-12-02 19:47:24Z INFO HostContext] Well known directory 'Bin': '/Users/ranadubauskas/vandy-class-connect/actions-runner/bin'
[2024-12-02 19:47:24Z INFO HostContext] Well known directory 'Bin': '/Users/ranadubauskas/vandy-class-connect/actions-runner/bin'
[2024-12-02 19:47:24Z INFO HostContext] Well known directory 'Root': '/Users/ranadubauskas/vandy-class-connect/actions-runner'
[2024-12-02 19:47:24Z INFO UnixUtil] Which2: 'chmod'
[2024-12-02 19:47:24Z INFO UnixUtil] Location: '/bin/chmod'
[2024-12-02 19:47:24Z INFO UnixUtil] Running /bin/chmod 755 "/Users/ranadubauskas/vandy-class-connect/actions-runner/svc.sh"
[2024-12-02 19:47:24Z INFO ProcessInvokerWrapper] Starting process:
[2024-12-02 19:47:24Z INFO ProcessInvokerWrapper]   File name: '/bin/chmod'
[2024-12-02 19:47:24Z INFO ProcessInvokerWrapper]   Arguments: '755 "/Users/ranadubauskas/vandy-class-connect/actions-runner/svc.sh"'
[2024-12-02 19:47:24Z INFO ProcessInvokerWrapper]   Working directory: '/Users/ranadubauskas/vandy-class-connect/actions-runner'
[2024-12-02 19:47:24Z INFO ProcessInvokerWrapper]   Require exit code zero: 'True'
[2024-12-02 19:47:24Z INFO ProcessInvokerWrapper]   Encoding web name:  ; code page: ''
[2024-12-02 19:47:24Z INFO ProcessInvokerWrapper]   Force kill process on cancellation: 'False'
[2024-12-02 19:47:24Z INFO ProcessInvokerWrapper]   Redirected STDIN: 'False'
[2024-12-02 19:47:24Z INFO ProcessInvokerWrapper]   Persist current code page: 'False'
[2024-12-02 19:47:24Z INFO ProcessInvokerWrapper]   Keep redirected STDIN open: 'False'
[2024-12-02 19:47:24Z INFO ProcessInvokerWrapper]   High priority process: 'False'
[2024-12-02 19:47:24Z INFO ProcessInvokerWrapper] Process started with process id 51746, waiting for process exit.
[2024-12-02 19:47:24Z INFO ProcessInvokerWrapper] STDOUT/STDERR stream read finished.
[2024-12-02 19:47:24Z INFO ProcessInvokerWrapper] STDOUT/STDERR stream read finished.
[2024-12-02 19:47:24Z INFO ProcessInvokerWrapper] Finished process 51746 with exit code 0, and elapsed time 00:00:00.0281500.
[2024-12-02 19:47:24Z INFO Listener] Runner execution has finished with return code 0
